1613818909.163037 client started (14696): version 3.1c, socket /private/tmp/tmux-501/test, protocol 8
1613818909.163097 on Darwin 20.3.0 Darwin Kernel Version 20.3.0: Thu Jan 21 00:07:06 PST 2021; root:xnu-7195.81.3~1/RELEASE_X86_64; libevent 2.1.12-stable (select)
1613818909.163148 socket is /private/tmp/tmux-501/test
1613818909.163173 trying connect
1613818909.163207 connect failed: Connection refused
1613818909.163301 lock file is /private/tmp/tmux-501/test.lock
1613818909.163405 flock succeeded
1613818909.163417 got lock (6)
1613818909.163427 trying connect
1613818909.163444 connect failed: Connection refused
1613818909.163867 add peer 0x7fa02e531000: 7 (0x0)
1613818909.165757 sending message 100 to peer 0x7fa02e531000 (4 bytes)
1613818909.165791 sending message 101 to peer 0x7fa02e531000 (14 bytes)
1613818909.165803 sending message 102 to peer 0x7fa02e531000 (13 bytes)
1613818909.165814 sending message 108 to peer 0x7fa02e531000 (51 bytes)
1613818909.165834 sending message 104 to peer 0x7fa02e531000 (0 bytes)
1613818909.165857 sending message 107 to peer 0x7fa02e531000 (4 bytes)
1613818909.165870 sending message 105 to peer 0x7fa02e531000 (15 bytes)
1613818909.165880 sending message 105 to peer 0x7fa02e531000 (20 bytes)
1613818909.165889 sending message 105 to peer 0x7fa02e531000 (22 bytes)
1613818909.165908 sending message 105 to peer 0x7fa02e531000 (24 bytes)
1613818909.165920 sending message 105 to peer 0x7fa02e531000 (22 bytes)
1613818909.165930 sending message 105 to peer 0x7fa02e531000 (61 bytes)
1613818909.165940 sending message 105 to peer 0x7fa02e531000 (15 bytes)
1613818909.165951 sending message 105 to peer 0x7fa02e531000 (19 bytes)
1613818909.165962 sending message 105 to peer 0x7fa02e531000 (26 bytes)
1613818909.165971 sending message 105 to peer 0x7fa02e531000 (8 bytes)
1613818909.165982 sending message 105 to peer 0x7fa02e531000 (20 bytes)
1613818909.165991 sending message 105 to peer 0x7fa02e531000 (32 bytes)
1613818909.166001 sending message 105 to peer 0x7fa02e531000 (58 bytes)
1613818909.166013 sending message 105 to peer 0x7fa02e531000 (10 bytes)
1613818909.166022 sending message 105 to peer 0x7fa02e531000 (12 bytes)
1613818909.166031 sending message 105 to peer 0x7fa02e531000 (11 bytes)
1613818909.166040 sending message 105 to peer 0x7fa02e531000 (111 bytes)
1613818909.166050 sending message 105 to peer 0x7fa02e531000 (55 bytes)
1613818909.166060 sending message 105 to peer 0x7fa02e531000 (15 bytes)
1613818909.166068 sending message 105 to peer 0x7fa02e531000 (8 bytes)
1613818909.166076 sending message 105 to peer 0x7fa02e531000 (66 bytes)
1613818909.166085 sending message 105 to peer 0x7fa02e531000 (19 bytes)
1613818909.166095 sending message 105 to peer 0x7fa02e531000 (23 bytes)
1613818909.166104 sending message 105 to peer 0x7fa02e531000 (27 bytes)
1613818909.166113 sending message 105 to peer 0x7fa02e531000 (60 bytes)
1613818909.166122 sending message 105 to peer 0x7fa02e531000 (57 bytes)
1613818909.166134 sending message 105 to peer 0x7fa02e531000 (36 bytes)
1613818909.166145 sending message 105 to peer 0x7fa02e531000 (13 bytes)
1613818909.166153 sending message 105 to peer 0x7fa02e531000 (59 bytes)
1613818909.166163 sending message 105 to peer 0x7fa02e531000 (17 bytes)
1613818909.166172 sending message 105 to peer 0x7fa02e531000 (14 bytes)
1613818909.166182 sending message 105 to peer 0x7fa02e531000 (19 bytes)
1613818909.166191 sending message 105 to peer 0x7fa02e531000 (34 bytes)
1613818909.166198 sending message 105 to peer 0x7fa02e531000 (22 bytes)
1613818909.166208 sending message 105 to peer 0x7fa02e531000 (43 bytes)
1613818909.166217 sending message 105 to peer 0x7fa02e531000 (32 bytes)
1613818909.166226 sending message 105 to peer 0x7fa02e531000 (22 bytes)
1613818909.166235 sending message 106 to peer 0x7fa02e531000 (0 bytes)
1613818909.166246 cmd_pack_argv: argv[0]=new
1613818909.166261 sending message 200 to peer 0x7fa02e531000 (8 bytes)
1613818909.166271 client loop enter
1613818909.927614 peer 0x7fa02e531000 message 207
1613818909.927649 sending message 208 to peer 0x7fa02e531000 (0 bytes)
1613818926.021392 peer 0x7fa02e531000 message 203
1613818926.021434 sending message 205 to peer 0x7fa02e531000 (0 bytes)
1613818926.021734 peer 0x7fa02e531000 message 204
1613818926.021749 client loop exit
