1613818851.800162 client started (12960): version 3.1c, socket /private/tmp/tmux-501/test, protocol 8
1613818851.800221 on Darwin 20.3.0 Darwin Kernel Version 20.3.0: Thu Jan 21 00:07:06 PST 2021; root:xnu-7195.81.3~1/RELEASE_X86_64; libevent 2.1.12-stable (select)
1613818851.800280 socket is /private/tmp/tmux-501/test
1613818851.800303 trying connect
1613818851.800349 connect failed: No such file or directory
1613818851.800439 lock file is /private/tmp/tmux-501/test.lock
1613818851.800543 flock succeeded
1613818851.800554 got lock (6)
1613818851.800564 trying connect
1613818851.800583 connect failed: No such file or directory
1613818851.800959 add peer 0x7f91e7531000: 7 (0x0)
1613818851.802843 sending message 100 to peer 0x7f91e7531000 (4 bytes)
1613818851.802875 sending message 101 to peer 0x7f91e7531000 (14 bytes)
1613818851.802889 sending message 102 to peer 0x7f91e7531000 (13 bytes)
1613818851.802901 sending message 108 to peer 0x7f91e7531000 (51 bytes)
1613818851.802925 sending message 104 to peer 0x7f91e7531000 (0 bytes)
1613818851.802936 sending message 107 to peer 0x7f91e7531000 (4 bytes)
1613818851.802946 sending message 105 to peer 0x7f91e7531000 (15 bytes)
1613818851.802955 sending message 105 to peer 0x7f91e7531000 (20 bytes)
1613818851.802965 sending message 105 to peer 0x7f91e7531000 (22 bytes)
1613818851.802974 sending message 105 to peer 0x7f91e7531000 (24 bytes)
1613818851.802984 sending message 105 to peer 0x7f91e7531000 (22 bytes)
1613818851.802994 sending message 105 to peer 0x7f91e7531000 (61 bytes)
1613818851.803004 sending message 105 to peer 0x7f91e7531000 (15 bytes)
1613818851.803013 sending message 105 to peer 0x7f91e7531000 (19 bytes)
1613818851.803023 sending message 105 to peer 0x7f91e7531000 (26 bytes)
1613818851.803033 sending message 105 to peer 0x7f91e7531000 (8 bytes)
1613818851.803043 sending message 105 to peer 0x7f91e7531000 (20 bytes)
1613818851.803053 sending message 105 to peer 0x7f91e7531000 (32 bytes)
1613818851.803064 sending message 105 to peer 0x7f91e7531000 (58 bytes)
1613818851.803074 sending message 105 to peer 0x7f91e7531000 (10 bytes)
1613818851.803085 sending message 105 to peer 0x7f91e7531000 (12 bytes)
1613818851.803097 sending message 105 to peer 0x7f91e7531000 (11 bytes)
1613818851.803108 sending message 105 to peer 0x7f91e7531000 (111 bytes)
1613818851.803146 sending message 105 to peer 0x7f91e7531000 (55 bytes)
1613818851.803157 sending message 105 to peer 0x7f91e7531000 (15 bytes)
1613818851.803168 sending message 105 to peer 0x7f91e7531000 (8 bytes)
1613818851.803177 sending message 105 to peer 0x7f91e7531000 (66 bytes)
1613818851.803191 sending message 105 to peer 0x7f91e7531000 (19 bytes)
1613818851.803203 sending message 105 to peer 0x7f91e7531000 (23 bytes)
1613818851.803213 sending message 105 to peer 0x7f91e7531000 (27 bytes)
1613818851.803222 sending message 105 to peer 0x7f91e7531000 (60 bytes)
1613818851.803233 sending message 105 to peer 0x7f91e7531000 (57 bytes)
1613818851.803242 sending message 105 to peer 0x7f91e7531000 (36 bytes)
1613818851.803252 sending message 105 to peer 0x7f91e7531000 (13 bytes)
1613818851.803263 sending message 105 to peer 0x7f91e7531000 (59 bytes)
1613818851.803272 sending message 105 to peer 0x7f91e7531000 (17 bytes)
1613818851.803281 sending message 105 to peer 0x7f91e7531000 (14 bytes)
1613818851.803291 sending message 105 to peer 0x7f91e7531000 (19 bytes)
1613818851.803302 sending message 105 to peer 0x7f91e7531000 (34 bytes)
1613818851.803311 sending message 105 to peer 0x7f91e7531000 (22 bytes)
1613818851.803322 sending message 105 to peer 0x7f91e7531000 (43 bytes)
1613818851.803331 sending message 105 to peer 0x7f91e7531000 (32 bytes)
1613818851.803340 sending message 105 to peer 0x7f91e7531000 (22 bytes)
1613818851.803351 sending message 106 to peer 0x7f91e7531000 (0 bytes)
1613818851.803362 cmd_pack_argv: argv[0]=new
1613818851.803378 sending message 200 to peer 0x7f91e7531000 (8 bytes)
1613818851.803398 client loop enter
1613818852.598838 peer 0x7f91e7531000 message 207
1613818852.598871 sending message 208 to peer 0x7f91e7531000 (0 bytes)
1613818873.071014 peer 0x7f91e7531000 message 203
1613818873.071081 sending message 205 to peer 0x7f91e7531000 (0 bytes)
1613818873.071499 peer 0x7f91e7531000 message 204
1613818873.071521 client loop exit
